2025-09-08T14:13:10.101 application=explorer [info] tx/per day chart: collect records for transactions per day stats
2025-09-08T14:13:10.102 application=explorer [info] tx/per day chart: earliest date 2025-08-30 00:00:00Z
2025-09-08T14:13:10.102 application=explorer [info] tx/per day chart: latest date 2025-08-30 23:59:59Z
2025-09-08T14:13:10.638 application=explorer [info] tx/per day chart: timestamp cannot be converted to min/max blocks, trying to find min/max blocks through a fallback option}
2025-09-08T14:13:10.970 application=explorer [warning] tx/per day chart: failed to get min/max blocks through a fallback option}
2025-09-08T14:13:10.970 application=explorer [info] tx/per day chart: collect records for transactions per day stats
2025-09-08T14:13:10.970 application=explorer [info] tx/per day chart: earliest date 2025-08-31 00:00:00Z
2025-09-08T14:13:10.970 application=explorer [info] tx/per day chart: latest date 2025-08-31 23:59:59Z
2025-09-08T14:13:10.988 application=explorer [info] SanitizeIncorrectWETHTokenTransfers deletion of duplicates finished, continuing with deletion of not whitelisted weth transfers
2025-09-08T14:13:10.991 application=explorer [info] SanitizeIncorrectNFTTokenTransfers `delete_erc_721` step is finished
2025-09-08T14:13:11.068 application=explorer [info] tx/per day chart: timestamp cannot be converted to min/max blocks, trying to find min/max blocks through a fallback option}
2025-09-08T14:13:11.159 application=explorer [warning] tx/per day chart: failed to get min/max blocks through a fallback option}
2025-09-08T14:13:11.159 application=explorer [info] tx/per day chart: collect records for transactions per day stats
2025-09-08T14:13:11.159 application=explorer [info] tx/per day chart: earliest date 2025-09-01 00:00:00Z
2025-09-08T14:13:11.159 application=explorer [info] tx/per day chart: latest date 2025-09-01 23:59:59Z
2025-09-08T14:13:11.165 application=explorer [info] SanitizeIncorrectNFTTokenTransfers `delete_erc_1155` step is finished
2025-09-08T14:13:11.256 application=explorer [info] tx/per day chart: timestamp cannot be converted to min/max blocks, trying to find min/max blocks through a fallback option}
2025-09-08T14:13:11.278 application=explorer [warning] tx/per day chart: failed to get min/max blocks through a fallback option}
2025-09-08T14:13:11.278 application=explorer [info] tx/per day chart: collect records for transactions per day stats
2025-09-08T14:13:11.278 application=explorer [info] tx/per day chart: earliest date 2025-09-02 00:00:00Z
2025-09-08T14:13:11.278 application=explorer [info] tx/per day chart: latest date 2025-09-02 23:59:59Z
2025-09-08T14:13:11.291 application=explorer [info] SanitizeIncorrectNFTTokenTransfers migration finished
2025-09-08T14:13:11.300 application=explorer [info] tx/per day chart: timestamp cannot be converted to min/max blocks, trying to find min/max blocks through a fallback option}
2025-09-08T14:13:11.303 application=explorer [warning] tx/per day chart: failed to get min/max blocks through a fallback option}
2025-09-08T14:13:11.303 application=explorer [info] tx/per day chart: collect records for transactions per day stats
2025-09-08T14:13:11.303 application=explorer [info] tx/per day chart: earliest date 2025-09-03 00:00:00Z
2025-09-08T14:13:11.303 application=explorer [info] tx/per day chart: latest date 2025-09-03 23:59:59Z
2025-09-08T14:13:11.360 application=explorer [info] tx/per day chart: timestamp cannot be converted to min/max blocks, trying to find min/max blocks through a fallback option}
2025-09-08T14:13:11.372 application=explorer [warning] tx/per day chart: failed to get min/max blocks through a fallback option}
2025-09-08T14:13:11.372 application=explorer [info] tx/per day chart: collect records for transactions per day stats
2025-09-08T14:13:11.372 application=explorer [info] tx/per day chart: earliest date 2025-09-04 00:00:00Z
2025-09-08T14:13:11.372 application=explorer [info] tx/per day chart: latest date 2025-09-04 23:59:59Z
2025-09-08T14:13:11.386 application=explorer [info] tx/per day chart: timestamp cannot be converted to min/max blocks, trying to find min/max blocks through a fallback option}
2025-09-08T14:13:11.395 application=explorer [warning] tx/per day chart: failed to get min/max blocks through a fallback option}
2025-09-08T14:13:11.395 application=explorer [info] tx/per day chart: collect records for transactions per day stats
2025-09-08T14:13:11.395 application=explorer [info] tx/per day chart: earliest date 2025-09-05 00:00:00Z
2025-09-08T14:13:11.395 application=explorer [info] tx/per day chart: latest date 2025-09-05 23:59:59Z
2025-09-08T14:13:11.411 application=explorer [info] tx/per day chart: timestamp cannot be converted to min/max blocks, trying to find min/max blocks through a fallback option}
2025-09-08T14:13:11.421 application=explorer [warning] tx/per day chart: failed to get min/max blocks through a fallback option}
2025-09-08T14:13:11.421 application=explorer [info] tx/per day chart: collect records for transactions per day stats
2025-09-08T14:13:11.421 application=explorer [info] tx/per day chart: earliest date 2025-09-06 00:00:00Z
2025-09-08T14:13:11.421 application=explorer [info] tx/per day chart: latest date 2025-09-06 23:59:59Z
2025-09-08T14:13:11.470 application=explorer [info] tx/per day chart: timestamp cannot be converted to min/max blocks, trying to find min/max blocks through a fallback option}
2025-09-08T14:13:11.480 application=explorer [warning] tx/per day chart: failed to get min/max blocks through a fallback option}
2025-09-08T14:13:11.480 application=explorer [info] tx/per day chart: collect records for transactions per day stats
2025-09-08T14:13:11.480 application=explorer [info] tx/per day chart: earliest date 2025-09-07 00:00:00Z
2025-09-08T14:13:11.480 application=explorer [info] tx/per day chart: latest date 2025-09-07 23:59:59Z
2025-09-08T14:13:11.496 application=explorer [info] tx/per day chart: timestamp cannot be converted to min/max blocks, trying to find min/max blocks through a fallback option}
2025-09-08T14:13:11.507 application=explorer [warning] tx/per day chart: failed to get min/max blocks through a fallback option}
2025-09-08T14:13:11.507 application=explorer [info] tx/per day chart: collect records for transactions per day stats
2025-09-08T14:13:11.507 application=explorer [info] tx/per day chart: records collected [%{date: ~D[2025-09-07], gas_used: 0, number_of_transactions: 0, total_fee: 0}, %{date: ~D[2025-09-06], gas_used: 0, number_of_transactions: 0, total_fee: 0}, %{date: ~D[2025-09-05], gas_used: 0, number_of_transactions: 0, total_fee: 0}, %{date: ~D[2025-09-04], gas_used: 0, number_of_transactions: 0, total_fee: 0}, %{date: ~D[2025-09-03], gas_used: 0, number_of_transactions: 0, total_fee: 0}, %{date: ~D[2025-09-02], gas_used: 0, number_of_transactions: 0, total_fee: 0}, %{date: ~D[2025-09-01], gas_used: 0, number_of_transactions: 0, total_fee: 0}, %{date: ~D[2025-08-31], gas_used: 0, number_of_transactions: 0, total_fee: 0}, %{date: ~D[2025-08-30], gas_used: 0, number_of_transactions: 0, total_fee: 0}]
2025-09-08T14:13:11.507 application=explorer [info] tx/per day chart: save records
2025-09-08T14:13:11.540 application=explorer [info] tx/per day chart: number of inserted 10
2025-09-08T14:13:12.025 application=explorer [error] Failed to drop DB index 'logs_block_number_ASC__index_ASC_index': %Postgrex.Error{message: nil, postgres: %{code: :deadlock_detected, line: "1130", message: "deadlock detected", file: "deadlock.c", unknown: "ERROR", severity: "ERROR", hint: "See server log for query details.", detail: "Process 243 waits for ShareUpdateExclusiveLock on relation 16501 of database 16384; blocked by process 232.\nProcess 232 waits for ShareLock on virtual transaction 92/10; blocked by process 243.", pg_code: "40P01", routine: "DeadLockReport"}, connection_id: 243, query: nil}
2025-09-08T14:13:25.075 application=explorer [info] Fetching chain spec path: nil.
2025-09-08T14:13:25.075 application=explorer [info] Fetching precompiled config path: nil.
2025-09-08T14:13:25.075 application=explorer [warning] Genesis data is not fetched. Neither chain spec path or precompiles config path are set.
2025-09-08T14:36:10.223 application=explorer [error] Failed to run create DB index query: %Postgrex.Error{message: nil, postgres: %{code: :deadlock_detected, line: "1130", message: "deadlock detected", file: "deadlock.c", unknown: "ERROR", severity: "ERROR", hint: "See server log for query details.", detail: "Process 222 waits for ShareUpdateExclusiveLock on relation 16529 of database 16384; blocked by process 182.\nProcess 182 waits for ShareLock on virtual transaction 82/159; blocked by process 222.", pg_code: "40P01", routine: "DeadLockReport"}, connection_id: 222, query: nil}
2025-09-08T15:10:30.120 application=explorer [info] tx/per day chart: collect records for transactions per day stats
2025-09-08T15:10:30.120 application=explorer [info] tx/per day chart: earliest date 2025-08-30 00:00:00Z
2025-09-08T15:10:30.120 application=explorer [info] tx/per day chart: latest date 2025-08-30 23:59:59Z
2025-09-08T15:10:30.333 application=explorer [info] tx/per day chart: min/max block numbers [1, 0]
2025-09-08T15:10:30.368 application=explorer [info] tx/per day chart: num of transactions 0
2025-09-08T15:10:30.381 application=explorer [info] tx/per day chart: total gas used 
2025-09-08T15:10:30.390 application=explorer [info] tx/per day chart: total fee 
2025-09-08T15:10:30.390 application=explorer [info] tx/per day chart: collect records for transactions per day stats
2025-09-08T15:10:30.390 application=explorer [info] tx/per day chart: earliest date 2025-08-31 00:00:00Z
2025-09-08T15:10:30.390 application=explorer [info] tx/per day chart: latest date 2025-08-31 23:59:59Z
2025-09-08T15:10:30.408 application=explorer [info] tx/per day chart: min/max block numbers [1, 0]
2025-09-08T15:10:30.413 application=explorer [info] tx/per day chart: num of transactions 0
2025-09-08T15:10:30.418 application=explorer [info] tx/per day chart: total gas used 
2025-09-08T15:10:30.421 application=explorer [info] tx/per day chart: total fee 
2025-09-08T15:10:30.421 application=explorer [info] tx/per day chart: collect records for transactions per day stats
2025-09-08T15:10:30.421 application=explorer [info] tx/per day chart: earliest date 2025-09-01 00:00:00Z
2025-09-08T15:10:30.421 application=explorer [info] tx/per day chart: latest date 2025-09-01 23:59:59Z
2025-09-08T15:10:30.435 application=explorer [info] tx/per day chart: min/max block numbers [1, 0]
2025-09-08T15:10:30.444 application=explorer [info] tx/per day chart: num of transactions 0
2025-09-08T15:10:30.453 application=explorer [info] tx/per day chart: total gas used 
2025-09-08T15:10:30.461 application=explorer [info] tx/per day chart: total fee 
2025-09-08T15:10:30.461 application=explorer [info] tx/per day chart: collect records for transactions per day stats
2025-09-08T15:10:30.461 application=explorer [info] tx/per day chart: earliest date 2025-09-02 00:00:00Z
2025-09-08T15:10:30.461 application=explorer [info] tx/per day chart: latest date 2025-09-02 23:59:59Z
2025-09-08T15:10:30.471 application=explorer [info] tx/per day chart: min/max block numbers [1, 0]
2025-09-08T15:10:30.474 application=explorer [info] tx/per day chart: num of transactions 0
2025-09-08T15:10:30.478 application=explorer [info] tx/per day chart: total gas used 
2025-09-08T15:10:30.483 application=explorer [info] tx/per day chart: total fee 
2025-09-08T15:10:30.483 application=explorer [info] tx/per day chart: collect records for transactions per day stats
2025-09-08T15:10:30.483 application=explorer [info] tx/per day chart: earliest date 2025-09-03 00:00:00Z
2025-09-08T15:10:30.483 application=explorer [info] tx/per day chart: latest date 2025-09-03 23:59:59Z
2025-09-08T15:10:30.496 application=explorer [info] tx/per day chart: min/max block numbers [1, 0]
2025-09-08T15:10:30.499 application=explorer [info] tx/per day chart: num of transactions 0
2025-09-08T15:10:30.503 application=explorer [info] tx/per day chart: total gas used 
2025-09-08T15:10:30.508 application=explorer [info] tx/per day chart: total fee 
2025-09-08T15:10:30.508 application=explorer [info] tx/per day chart: collect records for transactions per day stats
2025-09-08T15:10:30.508 application=explorer [info] tx/per day chart: earliest date 2025-09-04 00:00:00Z
2025-09-08T15:10:30.508 application=explorer [info] tx/per day chart: latest date 2025-09-04 23:59:59Z
2025-09-08T15:10:30.516 application=explorer [info] tx/per day chart: min/max block numbers [1, 0]
2025-09-08T15:10:30.525 application=explorer [info] tx/per day chart: num of transactions 0
2025-09-08T15:10:30.545 application=explorer [info] tx/per day chart: total gas used 
2025-09-08T15:10:30.553 application=explorer [info] tx/per day chart: total fee 
2025-09-08T15:10:30.553 application=explorer [info] tx/per day chart: collect records for transactions per day stats
2025-09-08T15:10:30.553 application=explorer [info] tx/per day chart: earliest date 2025-09-05 00:00:00Z
2025-09-08T15:10:30.553 application=explorer [info] tx/per day chart: latest date 2025-09-05 23:59:59Z
2025-09-08T15:10:30.564 application=explorer [info] tx/per day chart: min/max block numbers [1, 0]
2025-09-08T15:10:30.569 application=explorer [info] tx/per day chart: num of transactions 0
2025-09-08T15:10:30.571 application=explorer [info] tx/per day chart: total gas used 
2025-09-08T15:10:30.576 application=explorer [info] tx/per day chart: total fee 
2025-09-08T15:10:30.576 application=explorer [info] tx/per day chart: collect records for transactions per day stats
2025-09-08T15:10:30.576 application=explorer [info] tx/per day chart: earliest date 2025-09-06 00:00:00Z
2025-09-08T15:10:30.576 application=explorer [info] tx/per day chart: latest date 2025-09-06 23:59:59Z
2025-09-08T15:10:30.586 application=explorer [info] tx/per day chart: min/max block numbers [1, 0]
2025-09-08T15:10:30.590 application=explorer [info] tx/per day chart: num of transactions 0
2025-09-08T15:10:30.594 application=explorer [info] tx/per day chart: total gas used 
2025-09-08T15:10:30.598 application=explorer [info] tx/per day chart: total fee 
2025-09-08T15:10:30.598 application=explorer [info] tx/per day chart: collect records for transactions per day stats
2025-09-08T15:10:30.598 application=explorer [info] tx/per day chart: earliest date 2025-09-07 00:00:00Z
2025-09-08T15:10:30.598 application=explorer [info] tx/per day chart: latest date 2025-09-07 23:59:59Z
2025-09-08T15:10:30.607 application=explorer [info] tx/per day chart: min/max block numbers [1, 0]
2025-09-08T15:10:30.610 application=explorer [info] tx/per day chart: num of transactions 0
2025-09-08T15:10:30.613 application=explorer [info] tx/per day chart: total gas used 
2025-09-08T15:10:30.617 application=explorer [info] tx/per day chart: total fee 
2025-09-08T15:10:30.617 application=explorer [info] tx/per day chart: collect records for transactions per day stats
2025-09-08T15:10:30.617 application=explorer [info] tx/per day chart: records collected [%{date: ~D[2025-09-07], gas_used: nil, number_of_transactions: 0, total_fee: nil}, %{date: ~D[2025-09-06], gas_used: nil, number_of_transactions: 0, total_fee: nil}, %{date: ~D[2025-09-05], gas_used: nil, number_of_transactions: 0, total_fee: nil}, %{date: ~D[2025-09-04], gas_used: nil, number_of_transactions: 0, total_fee: nil}, %{date: ~D[2025-09-03], gas_used: nil, number_of_transactions: 0, total_fee: nil}, %{date: ~D[2025-09-02], gas_used: nil, number_of_transactions: 0, total_fee: nil}, %{date: ~D[2025-09-01], gas_used: nil, number_of_transactions: 0, total_fee: nil}, %{date: ~D[2025-08-31], gas_used: nil, number_of_transactions: 0, total_fee: nil}, %{date: ~D[2025-08-30], gas_used: nil, number_of_transactions: 0, total_fee: nil}]
2025-09-08T15:10:30.617 application=explorer [info] tx/per day chart: save records
2025-09-08T15:10:30.624 application=explorer [info] tx/per day chart: number of inserted 10
2025-09-08T15:10:45.115 application=explorer [info] Fetching chain spec path: nil.
2025-09-08T15:10:45.115 application=explorer [info] Fetching precompiled config path: nil.
2025-09-08T15:10:45.115 application=explorer [warning] Genesis data is not fetched. Neither chain spec path or precompiles config path are set.
2025-09-09T13:05:17.766 application=explorer [info] tx/per day chart: collect records for transactions per day stats
2025-09-09T13:05:17.767 application=explorer [info] tx/per day chart: earliest date 2025-08-31 00:00:00Z
2025-09-09T13:05:17.767 application=explorer [info] tx/per day chart: latest date 2025-08-31 23:59:59Z
2025-09-09T13:05:18.633 application=explorer [info] tx/per day chart: min/max block numbers [5, 4]
2025-09-09T13:05:18.685 application=explorer [info] tx/per day chart: num of transactions 0
2025-09-09T13:05:18.702 application=explorer [info] tx/per day chart: total gas used 
2025-09-09T13:05:18.729 application=explorer [info] tx/per day chart: total fee 
2025-09-09T13:05:18.729 application=explorer [info] tx/per day chart: collect records for transactions per day stats
2025-09-09T13:05:18.729 application=explorer [info] tx/per day chart: earliest date 2025-09-01 00:00:00Z
2025-09-09T13:05:18.729 application=explorer [info] tx/per day chart: latest date 2025-09-01 23:59:59Z
2025-09-09T13:05:18.775 application=explorer [info] tx/per day chart: min/max block numbers [5, 4]
2025-09-09T13:05:18.792 application=explorer [info] tx/per day chart: num of transactions 0
2025-09-09T13:05:18.802 application=explorer [info] tx/per day chart: total gas used 
2025-09-09T13:05:18.814 application=explorer [info] tx/per day chart: total fee 
2025-09-09T13:05:18.814 application=explorer [info] tx/per day chart: collect records for transactions per day stats
2025-09-09T13:05:18.814 application=explorer [info] tx/per day chart: earliest date 2025-09-02 00:00:00Z
2025-09-09T13:05:18.814 application=explorer [info] tx/per day chart: latest date 2025-09-02 23:59:59Z
2025-09-09T13:05:18.840 application=explorer [info] tx/per day chart: min/max block numbers [5, 4]
2025-09-09T13:05:18.850 application=explorer [info] tx/per day chart: num of transactions 0
2025-09-09T13:05:18.862 application=explorer [info] tx/per day chart: total gas used 
2025-09-09T13:05:18.886 application=explorer [info] tx/per day chart: total fee 
2025-09-09T13:05:18.886 application=explorer [info] tx/per day chart: collect records for transactions per day stats
2025-09-09T13:05:18.886 application=explorer [info] tx/per day chart: earliest date 2025-09-03 00:00:00Z
2025-09-09T13:05:18.886 application=explorer [info] tx/per day chart: latest date 2025-09-03 23:59:59Z
2025-09-09T13:05:18.905 application=explorer [info] tx/per day chart: min/max block numbers [5, 4]
2025-09-09T13:05:18.915 application=explorer [info] tx/per day chart: num of transactions 0
2025-09-09T13:05:18.924 application=explorer [info] tx/per day chart: total gas used 
2025-09-09T13:05:18.932 application=explorer [info] tx/per day chart: total fee 
2025-09-09T13:05:18.932 application=explorer [info] tx/per day chart: collect records for transactions per day stats
2025-09-09T13:05:18.932 application=explorer [info] tx/per day chart: earliest date 2025-09-04 00:00:00Z
2025-09-09T13:05:18.932 application=explorer [info] tx/per day chart: latest date 2025-09-04 23:59:59Z
2025-09-09T13:05:18.950 application=explorer [info] tx/per day chart: min/max block numbers [5, 4]
2025-09-09T13:05:18.959 application=explorer [info] tx/per day chart: num of transactions 0
2025-09-09T13:05:18.967 application=explorer [info] tx/per day chart: total gas used 
2025-09-09T13:05:18.983 application=explorer [info] tx/per day chart: total fee 
2025-09-09T13:05:18.983 application=explorer [info] tx/per day chart: collect records for transactions per day stats
2025-09-09T13:05:18.983 application=explorer [info] tx/per day chart: earliest date 2025-09-05 00:00:00Z
2025-09-09T13:05:18.983 application=explorer [info] tx/per day chart: latest date 2025-09-05 23:59:59Z
2025-09-09T13:05:19.018 application=explorer [info] tx/per day chart: min/max block numbers [5, 4]
2025-09-09T13:05:19.025 application=explorer [info] tx/per day chart: num of transactions 0
2025-09-09T13:05:19.032 application=explorer [info] tx/per day chart: total gas used 
2025-09-09T13:05:19.041 application=explorer [info] tx/per day chart: total fee 
2025-09-09T13:05:19.041 application=explorer [info] tx/per day chart: collect records for transactions per day stats
2025-09-09T13:05:19.041 application=explorer [info] tx/per day chart: earliest date 2025-09-06 00:00:00Z
2025-09-09T13:05:19.041 application=explorer [info] tx/per day chart: latest date 2025-09-06 23:59:59Z
2025-09-09T13:05:19.060 application=explorer [info] tx/per day chart: min/max block numbers [5, 4]
2025-09-09T13:05:19.066 application=explorer [info] tx/per day chart: num of transactions 0
2025-09-09T13:05:19.072 application=explorer [info] tx/per day chart: total gas used 
2025-09-09T13:05:19.079 application=explorer [info] tx/per day chart: total fee 
2025-09-09T13:05:19.079 application=explorer [info] tx/per day chart: collect records for transactions per day stats
2025-09-09T13:05:19.079 application=explorer [info] tx/per day chart: earliest date 2025-09-07 00:00:00Z
2025-09-09T13:05:19.079 application=explorer [info] tx/per day chart: latest date 2025-09-07 23:59:59Z
2025-09-09T13:05:19.095 application=explorer [info] tx/per day chart: min/max block numbers [5, 4]
2025-09-09T13:05:19.102 application=explorer [info] tx/per day chart: num of transactions 0
2025-09-09T13:05:19.109 application=explorer [info] tx/per day chart: total gas used 
2025-09-09T13:05:19.116 application=explorer [info] tx/per day chart: total fee 
2025-09-09T13:05:19.116 application=explorer [info] tx/per day chart: collect records for transactions per day stats
2025-09-09T13:05:19.116 application=explorer [info] tx/per day chart: earliest date 2025-09-08 00:00:00Z
2025-09-09T13:05:19.116 application=explorer [info] tx/per day chart: latest date 2025-09-08 23:59:59Z
2025-09-09T13:05:19.139 application=explorer [info] tx/per day chart: min/max block numbers [5, 6]
2025-09-09T13:05:19.147 application=explorer [info] tx/per day chart: num of transactions 0
2025-09-09T13:05:19.155 application=explorer [info] tx/per day chart: total gas used 
2025-09-09T13:05:19.163 application=explorer [info] tx/per day chart: total fee 
2025-09-09T13:05:19.163 application=explorer [info] tx/per day chart: collect records for transactions per day stats
2025-09-09T13:05:19.164 application=explorer [info] tx/per day chart: records collected [%{date: ~D[2025-09-08], gas_used: nil, number_of_transactions: 0, total_fee: nil}, %{date: ~D[2025-09-07], gas_used: nil, number_of_transactions: 0, total_fee: nil}, %{date: ~D[2025-09-06], gas_used: nil, number_of_transactions: 0, total_fee: nil}, %{date: ~D[2025-09-05], gas_used: nil, number_of_transactions: 0, total_fee: nil}, %{date: ~D[2025-09-04], gas_used: nil, number_of_transactions: 0, total_fee: nil}, %{date: ~D[2025-09-03], gas_used: nil, number_of_transactions: 0, total_fee: nil}, %{date: ~D[2025-09-02], gas_used: nil, number_of_transactions: 0, total_fee: nil}, %{date: ~D[2025-09-01], gas_used: nil, number_of_transactions: 0, total_fee: nil}, %{date: ~D[2025-08-31], gas_used: nil, number_of_transactions: 0, total_fee: nil}]
2025-09-09T13:05:19.164 application=explorer [info] tx/per day chart: save records
2025-09-09T13:05:19.170 application=explorer [info] tx/per day chart: number of inserted 10
2025-09-09T13:05:32.745 application=explorer [info] Fetching chain spec path: nil.
2025-09-09T13:05:32.745 application=explorer [info] Fetching precompiled config path: nil.
2025-09-09T13:05:32.745 application=explorer [warning] Genesis data is not fetched. Neither chain spec path or precompiles config path are set.
